<?xml version="1.0" encoding="UTF-8"?>
<!-- Generated by org.testng.reporters.JUnitXMLReporter -->
<testsuite ignored="2" hostname="DESKTOP-N6R7DIR" failures="0" tests="2" name="Test" time="0.12" errors="0" timestamp="2025-06-25T16:27:13 CEST">
  <testcase classname="Pratice2.DummyClassTest2" name="A1Test" time="0.02"/>
  <testcase classname="Practice1.DummyClassTest1" name="m1Test" time="0.003"/>
  <testcase classname="Practice1.DummyClassTest1" name="m2Test" time="0.0">
    <ignored/>
  </testcase> <!-- m2Test -->
  <testcase classname="Pratice2.DummyClassTest2" name="A2Test" time="0.0">
    <ignored/>
  </testcase> <!-- A2Test -->
</testsuite> <!-- Test -->
